health:   Original name: rivers_ogba_egbema |=====> New Name: rivers_ogba_egbema_ndoni 
health:   Original name: plateau_lantang_north |=====> New Name: plateau_langtan_north 
health:   Original name: benue_kastina_ala |=====> New Name: benue_katsina_ala 
health:   Original name: imo_ihitte:uboma |=====> New Name: imo_ihitte_uboma 
health:   Original name: katsina_dustin_ma |=====> New Name: katsina_dutsin_ma 
health:   Original name: plateau_quaan_pan |=====> New Name: plateau_qua_an_pan 
health:   Original name: taraba_sarduana |=====> New Name: taraba_sardauna 
health:   Original name: kwaya-kusar_ |=====> New Name: katsina_kafur 
health:   Original name: mayo-belwa_ |=====> New Name: yobe_gulani 
health:   Original name: bauchi_jamaare |=====> New Name: bauchi_jama_are 
health:   Original name: imo_ahiazu-mbaise |=====> New Name: imo_ahiazu_mbaise 
health:   Original name: zamfar_kaura_namoda |=====> New Name: zamfara_kaura_namoda 
health:   Original name: akwa_ibom_obot_akwara |=====> New Name: akwa_ibom_obot_akara 
health:   Original name: oyo_onaara |=====> New Name: oyo_ona_ara 
health:   Original name: kaduna_jemaa |=====> New Name: kaduna_jema_a 
health:   Original name: akwa_ibom_urue_offong |=====> New Name: akwa_ibom_urue_offong_oruko 
health:   Original name: fct_municipal_area |=====> New Name: fct_municipal_area_council 
health:   Original name: enugu_nkanu_east |=====> New Name: enugu_nkanu_west 
health:   Original name: kogi_ogori |=====> New Name: kogi_kogi 
health:   Original name: adamwa_fufore |=====> New Name: adamawa_fufore 
health:   Original name: delta_ugheli_north |=====> New Name: delta_ughelli_north 
health:   Original name: sokoto_dange |=====> New Name: sokoto_dange_shuni 
health:   Original name: jigawa_malam_madura |=====> New Name: jigawa_malam_maduri 
health:   Original name: abia_benda |=====> New Name: abia_bende 
education:   Original name: katsina_mai'adua |=====> New Name: katsina_mai_adua 
education:   Original name: bauchi_jama'are |=====> New Name: bauchi_jama_are 
education:   Original name: plateau_qua'an_pan |=====> New Name: plateau_qua_an_pan 
education:   Original name: plateau_langtang_north |=====> New Name: plateau_langtan_north 
education:   Original name: enugu_nkanu_east |=====> New Name: enugu_nkanu_west 
education:   Original name: kaduna_jema'a |=====> New Name: kaduna_jema_a 
